d:\users\mirawelner\qtvi-refactor\2_noise_marking_gui\noise_ma.7588209c\x64\debug\noise_marking_gui.pch
d:\users\mirawelner\qtvi-refactor\2_noise_marking_gui\noise_ma.7588209c\x64\debug\vc145.pdb
d:\users\mirawelner\qtvi-refactor\2_noise_marking_gui\noise_ma.7588209c\x64\debug\vc145.idb
d:\users\mirawelner\qtvi-refactor\2_noise_marking_gui\noise_ma.7588209c\x64\debug\stdafx.obj
d:\users\mirawelner\qtvi-refactor\2_noise_marking_gui\noise_ma.7588209c\x64\debug\main.obj
d:\users\mirawelner\qtvi-refactor\2_noise_marking_gui\noise_ma.7588209c\x64\debug\lower_row_buttons.obj
d:\users\mirawelner\qtvi-refactor\2_noise_marking_gui\noise_ma.7588209c\x64\debug\noisemanager.obj
d:\users\mirawelner\qtvi-refactor\2_noise_marking_gui\noise_ma.7588209c\x64\debug\noise_marking_guiplugin.obj
d:\users\mirawelner\qtvi-refactor\2_noise_marking_gui\noise_ma.7588209c\x64\debug\noise_marking_gui.obj
d:\users\mirawelner\qtvi-refactor\2_noise_marking_gui\noise_ma.7588209c\x64\debug\moc_lower_row_buttons.obj
d:\users\mirawelner\qtvi-refactor\2_noise_marking_gui\noise_ma.7588209c\x64\debug\moc_noise_marking_guiplugin.obj
d:\users\mirawelner\qtvi-refactor\2_noise_marking_gui\noise_ma.7588209c\x64\debug\moc_noise_marking_gui.obj
d:\users\mirawelner\qtvi-refactor\2_noise_marking_gui\x64\debug\noise_marking_gui.exe
d:\users\mirawelner\qtvi-refactor\2_noise_marking_gui\x64\debug\noise_marking_gui.pdb
d:\users\mirawelner\qtvi-refactor\2_noise_marking_gui\noise_ma.7588209c\x64\debug\qt\moc\moc_noise_marking_gui.cpp
c:\users\mirae\cpp_refactor\noise_marking\noise_marking_gui\noise_ma.7588209c\x64\debug\qt\uic\ui_noise_marking_gui.h
c:\users\mirae\cpp_refactor\noise_marking\noise_marking_gui\noise_ma.7588209c\x64\debug\qt\moc\moc_noise_marking_gui.cpp
c:\users\mirae\cpp_refactor\noise_marking\noise_marking_gui\noise_ma.7588209c\x64\debug\qt\moc\moc_noise_marking_guiplugin.cpp
c:\users\mirae\cpp_refactor\noise_marking_gui\noise_ma.7588209c\x64\debug\qt\uic\ui_noise_marking_gui.h
c:\users\mirae\cpp_refactor\noise_marking_gui\noise_ma.7588209c\x64\debug\qt\moc\moc_noise_marking_gui.cpp
c:\users\mirae\cpp_refactor\noise_marking_gui\noise_ma.7588209c\x64\debug\qt\moc\moc_noise_marking_guiplugin.cpp
c:\users\mirae\qtvi-refactor\2_noise_marking_gui\noise_ma.7588209c\x64\debug\qt\uic\ui_noise_marking_gui.h
c:\users\mirae\qtvi-refactor\2_noise_marking_gui\noise_ma.7588209c\x64\debug\qt\moc\moc_noise_marking_gui.cpp
c:\users\mirae\qtvi-refactor\2_noise_marking_gui\noise_ma.7588209c\x64\debug\qt\moc\moc_noise_marking_guiplugin.cpp
c:\users\mirae\qtvi-refactor\2_noise_marking_gui\noise_ma.7588209c\x64\debug\qt\moc\moc_lower_row_buttons.cpp
d:\users\mirawelner\qtvi-refactor\2_noise_marking_gui\noise_ma.7588209c\x64\debug\qt\uic\ui_noise_marking_gui.h
d:\users\mirawelner\qtvi-refactor\2_noise_marking_gui\noise_ma.7588209c\x64\debug\qt\moc\moc_noise_marking_guiplugin.cpp
d:\users\mirawelner\qtvi-refactor\2_noise_marking_gui\noise_ma.7588209c\x64\debug\qt\moc\moc_lower_row_buttons.cpp
d:\users\mirawelner\qtvi-refactor\2_noise_marking_gui\x64\debug\noise_marking_gui.lib
d:\users\mirawelner\qtvi-refactor\2_noise_marking_gui\x64\debug\noise_marking_gui.exp
d:\users\mirawelner\qtvi-refactor\2_noise_marking_gui\noise_ma.7588209c\x64\debug\noise_marking_gui.ilk
d:\users\mirawelner\qtvi-refactor\2_noise_marking_gui\noise_ma.7588209c\x64\debug\pugixml.obj
d:\users\mirawelner\qtvi-refactor\2_noise_marking_gui\noise_ma.7588209c\x64\debug\noise_ma.7588209c.tlog\cl.command.1.tlog
d:\users\mirawelner\qtvi-refactor\2_noise_marking_gui\noise_ma.7588209c\x64\debug\noise_ma.7588209c.tlog\cl.items.tlog
d:\users\mirawelner\qtvi-refactor\2_noise_marking_gui\noise_ma.7588209c\x64\debug\noise_ma.7588209c.tlog\cl.read.1.tlog
d:\users\mirawelner\qtvi-refactor\2_noise_marking_gui\noise_ma.7588209c\x64\debug\noise_ma.7588209c.tlog\cl.write.1.tlog
d:\users\mirawelner\qtvi-refactor\2_noise_marking_gui\noise_ma.7588209c\x64\debug\noise_ma.7588209c.tlog\link.command.1.tlog
d:\users\mirawelner\qtvi-refactor\2_noise_marking_gui\noise_ma.7588209c\x64\debug\noise_ma.7588209c.tlog\link.read.1.tlog
d:\users\mirawelner\qtvi-refactor\2_noise_marking_gui\noise_ma.7588209c\x64\debug\noise_ma.7588209c.tlog\link.secondary.1.tlog
d:\users\mirawelner\qtvi-refactor\2_noise_marking_gui\noise_ma.7588209c\x64\debug\noise_ma.7588209c.tlog\link.write.1.tlog
d:\users\mirawelner\qtvi-refactor\2_noise_marking_gui\noise_ma.7588209c\x64\debug\noise_ma.7588209c.tlog\moc.read.1u.tlog
d:\users\mirawelner\qtvi-refactor\2_noise_marking_gui\noise_ma.7588209c\x64\debug\noise_ma.7588209c.tlog\moc.write.1u.tlog
d:\users\mirawelner\qtvi-refactor\2_noise_marking_gui\noise_ma.7588209c\x64\debug\noise_ma.7588209c.tlog\noise_marking_gui.write.1u.tlog
d:\users\mirawelner\qtvi-refactor\2_noise_marking_gui\noise_ma.7588209c\x64\debug\noise_ma.7588209c.tlog\uic.read.1u.tlog
d:\users\mirawelner\qtvi-refactor\2_noise_marking_gui\noise_ma.7588209c\x64\debug\noise_ma.7588209c.tlog\uic.write.1u.tlog
