   Qt/MSBuild: 3.4.1.0
  Reading Qt configuration (C:/Qt/6.10.1/msvc2022_64/bin/qmake)
   Qt: 6.10.1
  moc noise_marking_gui.h
  moc noise_marking_guiPlugin.h
  noise_marking_gui.cpp
  noise_marking_guiPlugin.cpp
  moc_noise_marking_gui.cpp
  moc_noise_marking_guiPlugin.cpp
     Creating library C:\Users\mirae\cpp_refactor\NOISE_MARKING\noise_marking_gui\Debug\noise_marking_gui.lib and object C:\Users\mirae\cpp_refactor\NOISE_MARKING\noise_marking_gui\Debug\noise_marking_gui.exp
noise_marking_gui.obj : error LNK2001: unresolved external symbol __imp__qt_version_tag_6_10
noise_marking_guiPlugin.obj : error LNK2001: unresolved external symbol __imp__qt_version_tag_6_10
moc_noise_marking_gui.obj : error LNK2001: unresolved external symbol __imp__qt_version_tag_6_10
moc_noise_marking_guiPlugin.obj : error LNK2001: unresolved external symbol __imp__qt_version_tag_6_10
noise_marking_gui.obj : error LNK2019: unresolved external symbol "__declspec(dllimport) public: __thiscall QWidget::QWidget(class QWidget *,class QFlags<enum Qt::WindowType>)" (__imp_??0QWidget@@QAE@PAV0@V?$QFlags@W4WindowType@Qt@@@@@Z) referenced in function "public: __thiscall noise_marking_gui::noise_marking_gui(class QWidget *)" (??0noise_marking_gui@@QAE@PAVQWidget@@@Z)
noise_marking_gui.obj : error LNK2019: unresolved external symbol "__declspec(dllimport) public: virtual __thiscall QWidget::~QWidget(void)" (__imp_??1QWidget@@UAE@XZ) referenced in function "public: virtual __thiscall noise_marking_gui::~noise_marking_gui(void)" (??1noise_marking_gui@@UAE@XZ)
noise_marking_gui.obj : error LNK2001: unresolved external symbol "public: virtual int __thiscall QWidget::devType(void)const " (?devType@QWidget@@UBEHXZ)
noise_marking_gui.obj : error LNK2001: unresolved external symbol "public: virtual void __thiscall QWidget::setVisible(bool)" (?setVisible@QWidget@@UAEX_N@Z)
noise_marking_gui.obj : error LNK2001: unresolved external symbol "public: virtual class QSize __thiscall QWidget::sizeHint(void)const " (?sizeHint@QWidget@@UBE?AVQSize@@XZ)
noise_marking_gui.obj : error LNK2001: unresolved external symbol "public: virtual class QSize __thiscall QWidget::minimumSizeHint(void)const " (?minimumSizeHint@QWidget@@UBE?AVQSize@@XZ)
noise_marking_gui.obj : error LNK2001: unresolved external symbol "public: virtual int __thiscall QWidget::heightForWidth(int)const " (?heightForWidth@QWidget@@UBEHH@Z)
noise_marking_gui.obj : error LNK2001: unresolved external symbol "public: virtual bool __thiscall QWidget::hasHeightForWidth(void)const " (?hasHeightForWidth@QWidget@@UBE_NXZ)
noise_marking_gui.obj : error LNK2001: unresolved external symbol "public: virtual class QPaintEngine * __thiscall QWidget::paintEngine(void)const " (?paintEngine@QWidget@@UBEPAVQPaintEngine@@XZ)
noise_marking_gui.obj : error LNK2001: unresolved external symbol "protected: virtual bool __thiscall QWidget::event(class QEvent *)" (?event@QWidget@@MAE_NPAVQEvent@@@Z)
noise_marking_gui.obj : error LNK2001: unresolved external symbol "protected: virtual void __thiscall QWidget::mousePressEvent(class QMouseEvent *)" (?mousePressEvent@QWidget@@MAEXPAVQMouseEvent@@@Z)
noise_marking_gui.obj : error LNK2001: unresolved external symbol "protected: virtual void __thiscall QWidget::mouseReleaseEvent(class QMouseEvent *)" (?mouseReleaseEvent@QWidget@@MAEXPAVQMouseEvent@@@Z)
noise_marking_gui.obj : error LNK2001: unresolved external symbol "protected: virtual void __thiscall QWidget::mouseDoubleClickEvent(class QMouseEvent *)" (?mouseDoubleClickEvent@QWidget@@MAEXPAVQMouseEvent@@@Z)
noise_marking_gui.obj : error LNK2001: unresolved external symbol "protected: virtual void __thiscall QWidget::mouseMoveEvent(class QMouseEvent *)" (?mouseMoveEvent@QWidget@@MAEXPAVQMouseEvent@@@Z)
noise_marking_gui.obj : error LNK2001: unresolved external symbol "protected: virtual void __thiscall QWidget::wheelEvent(class QWheelEvent *)" (?wheelEvent@QWidget@@MAEXPAVQWheelEvent@@@Z)
noise_marking_gui.obj : error LNK2001: unresolved external symbol "protected: virtual void __thiscall QWidget::keyPressEvent(class QKeyEvent *)" (?keyPressEvent@QWidget@@MAEXPAVQKeyEvent@@@Z)
noise_marking_gui.obj : error LNK2001: unresolved external symbol "protected: virtual void __thiscall QWidget::keyReleaseEvent(class QKeyEvent *)" (?keyReleaseEvent@QWidget@@MAEXPAVQKeyEvent@@@Z)
noise_marking_gui.obj : error LNK2001: unresolved external symbol "protected: virtual void __thiscall QWidget::focusInEvent(class QFocusEvent *)" (?focusInEvent@QWidget@@MAEXPAVQFocusEvent@@@Z)
noise_marking_gui.obj : error LNK2001: unresolved external symbol "protected: virtual void __thiscall QWidget::focusOutEvent(class QFocusEvent *)" (?focusOutEvent@QWidget@@MAEXPAVQFocusEvent@@@Z)
noise_marking_gui.obj : error LNK2001: unresolved external symbol "protected: virtual void __thiscall QWidget::enterEvent(class QEnterEvent *)" (?enterEvent@QWidget@@MAEXPAVQEnterEvent@@@Z)
noise_marking_gui.obj : error LNK2001: unresolved external symbol "protected: virtual void __thiscall QWidget::leaveEvent(class QEvent *)" (?leaveEvent@QWidget@@MAEXPAVQEvent@@@Z)
noise_marking_gui.obj : error LNK2001: unresolved external symbol "protected: virtual void __thiscall QWidget::paintEvent(class QPaintEvent *)" (?paintEvent@QWidget@@MAEXPAVQPaintEvent@@@Z)
noise_marking_gui.obj : error LNK2001: unresolved external symbol "protected: virtual void __thiscall QWidget::moveEvent(class QMoveEvent *)" (?moveEvent@QWidget@@MAEXPAVQMoveEvent@@@Z)
noise_marking_gui.obj : error LNK2001: unresolved external symbol "protected: virtual void __thiscall QWidget::resizeEvent(class QResizeEvent *)" (?resizeEvent@QWidget@@MAEXPAVQResizeEvent@@@Z)
noise_marking_gui.obj : error LNK2001: unresolved external symbol "protected: virtual void __thiscall QWidget::closeEvent(class QCloseEvent *)" (?closeEvent@QWidget@@MAEXPAVQCloseEvent@@@Z)
noise_marking_gui.obj : error LNK2001: unresolved external symbol "protected: virtual void __thiscall QWidget::contextMenuEvent(class QContextMenuEvent *)" (?contextMenuEvent@QWidget@@MAEXPAVQContextMenuEvent@@@Z)
noise_marking_gui.obj : error LNK2001: unresolved external symbol "protected: virtual void __thiscall QWidget::tabletEvent(class QTabletEvent *)" (?tabletEvent@QWidget@@MAEXPAVQTabletEvent@@@Z)
noise_marking_gui.obj : error LNK2001: unresolved external symbol "protected: virtual void __thiscall QWidget::actionEvent(class QActionEvent *)" (?actionEvent@QWidget@@MAEXPAVQActionEvent@@@Z)
noise_marking_gui.obj : error LNK2001: unresolved external symbol "protected: virtual void __thiscall QWidget::dragEnterEvent(class QDragEnterEvent *)" (?dragEnterEvent@QWidget@@MAEXPAVQDragEnterEvent@@@Z)
noise_marking_gui.obj : error LNK2001: unresolved external symbol "protected: virtual void __thiscall QWidget::dragMoveEvent(class QDragMoveEvent *)" (?dragMoveEvent@QWidget@@MAEXPAVQDragMoveEvent@@@Z)
noise_marking_gui.obj : error LNK2001: unresolved external symbol "protected: virtual void __thiscall QWidget::dragLeaveEvent(class QDragLeaveEvent *)" (?dragLeaveEvent@QWidget@@MAEXPAVQDragLeaveEvent@@@Z)
noise_marking_gui.obj : error LNK2001: unresolved external symbol "protected: virtual void __thiscall QWidget::dropEvent(class QDropEvent *)" (?dropEvent@QWidget@@MAEXPAVQDropEvent@@@Z)
noise_marking_gui.obj : error LNK2001: unresolved external symbol "protected: virtual void __thiscall QWidget::showEvent(class QShowEvent *)" (?showEvent@QWidget@@MAEXPAVQShowEvent@@@Z)
noise_marking_gui.obj : error LNK2001: unresolved external symbol "protected: virtual void __thiscall QWidget::hideEvent(class QHideEvent *)" (?hideEvent@QWidget@@MAEXPAVQHideEvent@@@Z)
noise_marking_gui.obj : error LNK2001: unresolved external symbol "protected: virtual bool __thiscall QWidget::nativeEvent(class QByteArray const &,void *,int *)" (?nativeEvent@QWidget@@MAE_NABVQByteArray@@PAXPAH@Z)
noise_marking_gui.obj : error LNK2001: unresolved external symbol "protected: virtual void __thiscall QWidget::changeEvent(class QEvent *)" (?changeEvent@QWidget@@MAEXPAVQEvent@@@Z)
noise_marking_gui.obj : error LNK2001: unresolved external symbol "protected: virtual int __thiscall QWidget::metric(enum QPaintDevice::PaintDeviceMetric)const " (?metric@QWidget@@MBEHW4PaintDeviceMetric@QPaintDevice@@@Z)
noise_marking_gui.obj : error LNK2001: unresolved external symbol "protected: virtual void __thiscall QWidget::initPainter(class QPainter *)const " (?initPainter@QWidget@@MBEXPAVQPainter@@@Z)
noise_marking_gui.obj : error LNK2001: unresolved external symbol "protected: virtual class QPaintDevice * __thiscall QWidget::redirected(class QPoint *)const " (?redirected@QWidget@@MBEPAVQPaintDevice@@PAVQPoint@@@Z)
noise_marking_gui.obj : error LNK2001: unresolved external symbol "protected: virtual class QPainter * __thiscall QWidget::sharedPainter(void)const " (?sharedPainter@QWidget@@MBEPAVQPainter@@XZ)
noise_marking_gui.obj : error LNK2001: unresolved external symbol "protected: virtual void __thiscall QWidget::inputMethodEvent(class QInputMethodEvent *)" (?inputMethodEvent@QWidget@@MAEXPAVQInputMethodEvent@@@Z)
noise_marking_gui.obj : error LNK2001: unresolved external symbol "public: virtual class QVariant __thiscall QWidget::inputMethodQuery(enum Qt::InputMethodQuery)const " (?inputMethodQuery@QWidget@@UBE?AVQVariant@@W4InputMethodQuery@Qt@@@Z)
noise_marking_gui.obj : error LNK2001: unresolved external symbol "protected: virtual bool __thiscall QWidget::focusNextPrevChild(bool)" (?focusNextPrevChild@QWidget@@MAE_N_N@Z)
noise_marking_gui.obj : error LNK2001: unresolved external symbol "public: virtual bool __thiscall QObject::eventFilter(class QObject *,class QEvent *)" (?eventFilter@QObject@@UAE_NPAV1@PAVQEvent@@@Z)
noise_marking_guiPlugin.obj : error LNK2001: unresolved external symbol "public: virtual bool __thiscall QObject::eventFilter(class QObject *,class QEvent *)" (?eventFilter@QObject@@UAE_NPAV1@PAVQEvent@@@Z)
noise_marking_gui.obj : error LNK2001: unresolved external symbol "protected: virtual void __thiscall QObject::timerEvent(class QTimerEvent *)" (?timerEvent@QObject@@MAEXPAVQTimerEvent@@@Z)
noise_marking_guiPlugin.obj : error LNK2001: unresolved external symbol "protected: virtual void __thiscall QObject::timerEvent(class QTimerEvent *)" (?timerEvent@QObject@@MAEXPAVQTimerEvent@@@Z)
noise_marking_gui.obj : error LNK2001: unresolved external symbol "protected: virtual void __thiscall QObject::childEvent(class QChildEvent *)" (?childEvent@QObject@@MAEXPAVQChildEvent@@@Z)
noise_marking_guiPlugin.obj : error LNK2001: unresolved external symbol "protected: virtual void __thiscall QObject::childEvent(class QChildEvent *)" (?childEvent@QObject@@MAEXPAVQChildEvent@@@Z)
noise_marking_gui.obj : error LNK2001: unresolved external symbol "protected: virtual void __thiscall QObject::customEvent(class QEvent *)" (?customEvent@QObject@@MAEXPAVQEvent@@@Z)
noise_marking_guiPlugin.obj : error LNK2001: unresolved external symbol "protected: virtual void __thiscall QObject::customEvent(class QEvent *)" (?customEvent@QObject@@MAEXPAVQEvent@@@Z)
noise_marking_gui.obj : error LNK2001: unresolved external symbol "protected: virtual void __thiscall QObject::connectNotify(class QMetaMethod const &)" (?connectNotify@QObject@@MAEXABVQMetaMethod@@@Z)
noise_marking_guiPlugin.obj : error LNK2001: unresolved external symbol "protected: virtual void __thiscall QObject::connectNotify(class QMetaMethod const &)" (?connectNotify@QObject@@MAEXABVQMetaMethod@@@Z)
noise_marking_gui.obj : error LNK2001: unresolved external symbol "protected: virtual void __thiscall QObject::disconnectNotify(class QMetaMethod const &)" (?disconnectNotify@QObject@@MAEXABVQMetaMethod@@@Z)
noise_marking_guiPlugin.obj : error LNK2001: unresolved external symbol "protected: virtual void __thiscall QObject::disconnectNotify(class QMetaMethod const &)" (?disconnectNotify@QObject@@MAEXABVQMetaMethod@@@Z)
noise_marking_guiPlugin.obj : error LNK2019: unresolved external symbol "__declspec(dllimport) void __cdecl qt_assert(char const *,char const *,int)" (__imp_?qt_assert@@YAXPBD0H@Z) referenced in function "private: static unsigned int __cdecl QAnyStringView::encodeType<class QChar>(class QChar const *,int)" (??$encodeType@VQChar@@@QAnyStringView@@CAIPBVQChar@@H@Z)
moc_noise_marking_guiPlugin.obj : error LNK2001: unresolved external symbol "__declspec(dllimport) void __cdecl qt_assert(char const *,char const *,int)" (__imp_?qt_assert@@YAXPBD0H@Z)
noise_marking_guiPlugin.obj : error LNK2019: unresolved external symbol "__declspec(dllimport) public: __thiscall QString::QString(void)" (__imp_??0QString@@QAE@XZ) referenced in function "public: virtual class QString __thiscall QDesignerCustomWidgetInterface::codeTemplate(void)const " (?codeTemplate@QDesignerCustomWidgetInterface@@UBE?AVQString@@XZ)
noise_marking_guiPlugin.obj : error LNK2019: unresolved external symbol "__declspec(dllimport) public: __thiscall QString::~QString(void)" (__imp_??1QString@@QAE@XZ) referenced in function "public: virtual class QString __thiscall QDesignerCustomWidgetInterface::domXml(void)const " (?domXml@QDesignerCustomWidgetInterface@@UBE?AVQString@@XZ)
noise_marking_guiPlugin.obj : error LNK2019: unresolved external symbol "__declspec(dllimport) public: int __thiscall QString::size(void)const " (__imp_?size@QString@@QBEHXZ) referenced in function "public: __thiscall QAnyStringView::QAnyStringView(class QString const &)" (??0QAnyStringView@@QAE@ABVQString@@@Z)
noise_marking_guiPlugin.obj : error LNK2019: unresolved external symbol "__declspec(dllimport) public: class QString __thiscall QString::toLower(void)&& " (__imp_?toLower@QString@@QHAE?AV1@XZ) referenced in function "public: virtual class QString __thiscall QDesignerCustomWidgetInterface::domXml(void)const " (?domXml@QDesignerCustomWidgetInterface@@UBE?AVQString@@XZ)
noise_marking_guiPlugin.obj : error LNK2019: unresolved external symbol "__declspec(dllimport) public: __thiscall QString::QString(char const *)" (__imp_??0QString@@QAE@PBD@Z) referenced in function "public: virtual class QString __thiscall noise_marking_guiPlugin::domXml(void)const " (?domXml@noise_marking_guiPlugin@@UBE?AVQString@@XZ)
noise_marking_guiPlugin.obj : error LNK2019: unresolved external symbol "__declspec(dllimport) public: class QChar const * __thiscall QString::begin(void)const " (__imp_?begin@QString@@QBEPBVQChar@@XZ) referenced in function "public: __thiscall QAnyStringView::QAnyStringView(class QString const &)" (??0QAnyStringView@@QAE@ABVQString@@@Z)
noise_marking_guiPlugin.obj : error LNK2019: unresolved external symbol "__declspec(dllimport) class QString __cdecl QtPrivate::argToQString(class QAnyStringView,unsigned int,struct QtPrivate::ArgBase const * *)" (__imp_?argToQString@QtPrivate@@YA?AVQString@@VQAnyStringView@@IPAPBUArgBase@1@@Z) referenced in function "class QString __cdecl QtPrivate::argToQStringDispatch<struct QtPrivate::QAnyStringArg,struct QtPrivate::QAnyStringArg>(class QAnyStringView,struct QtPrivate::QAnyStringArg const &,struct QtPrivate::QAnyStringArg const &)" (??$argToQStringDispatch@UQAnyStringArg@QtPrivate@@U12@@QtPrivate@@YA?AVQString@@VQAnyStringView@@ABUQAnyStringArg@0@1@Z)
noise_marking_guiPlugin.obj : error LNK2019: unresolved external symbol "__declspec(dllimport) public: __thiscall QObject::QObject(class QObject *)" (__imp_??0QObject@@QAE@PAV0@@Z) referenced in function "public: __thiscall noise_marking_guiPlugin::noise_marking_guiPlugin(class QObject *)" (??0noise_marking_guiPlugin@@QAE@PAVQObject@@@Z)
noise_marking_guiPlugin.obj : error LNK2019: unresolved external symbol "__declspec(dllimport) public: virtual __thiscall QObject::~QObject(void)" (__imp_??1QObject@@UAE@XZ) referenced in function "public: virtual __thiscall noise_marking_guiPlugin::~noise_marking_guiPlugin(void)" (??1noise_marking_guiPlugin@@UAE@XZ)
noise_marking_guiPlugin.obj : error LNK2019: unresolved external symbol "__declspec(dllimport) public: __thiscall QIcon::QIcon(void)" (__imp_??0QIcon@@QAE@XZ) referenced in function "public: virtual class QIcon __thiscall noise_marking_guiPlugin::icon(void)const " (?icon@noise_marking_guiPlugin@@UBE?AVQIcon@@XZ)
noise_marking_guiPlugin.obj : error LNK2001: unresolved external symbol "public: virtual bool __thiscall QObject::event(class QEvent *)" (?event@QObject@@UAE_NPAVQEvent@@@Z)
moc_noise_marking_gui.obj : error LNK2019: unresolved external symbol "__declspec(dllimport) public: struct QMetaObject const * __thiscall QObjectData::dynamicMetaObject(void)const " (__imp_?dynamicMetaObject@QObjectData@@QBEPBUQMetaObject@@XZ) referenced in function "public: virtual struct QMetaObject const * __thiscall noise_marking_gui::metaObject(void)const " (?metaObject@noise_marking_gui@@UBEPBUQMetaObject@@XZ)
moc_noise_marking_guiPlugin.obj : error LNK2001: unresolved external symbol "__declspec(dllimport) public: struct QMetaObject const * __thiscall QObjectData::dynamicMetaObject(void)const " (__imp_?dynamicMetaObject@QObjectData@@QBEPBUQMetaObject@@XZ)
moc_noise_marking_gui.obj : error LNK2019: unresolved external symbol "__declspec(dllimport) public: virtual void * __thiscall QWidget::qt_metacast(char const *)" (__imp_?qt_metacast@QWidget@@UAEPAXPBD@Z) referenced in function "public: virtual void * __thiscall noise_marking_gui::qt_metacast(char const *)" (?qt_metacast@noise_marking_gui@@UAEPAXPBD@Z)
moc_noise_marking_gui.obj : error LNK2019: unresolved external symbol "__declspec(dllimport) public: virtual int __thiscall QWidget::qt_metacall(enum QMetaObject::Call,int,void * *)" (__imp_?qt_metacall@QWidget@@UAEHW4Call@QMetaObject@@HPAPAX@Z) referenced in function "public: virtual int __thiscall noise_marking_gui::qt_metacall(enum QMetaObject::Call,int,void * *)" (?qt_metacall@noise_marking_gui@@UAEHW4Call@QMetaObject@@HPAPAX@Z)
moc_noise_marking_gui.obj : error LNK2019: unresolved external symbol "__declspec(dllimport) public: static struct QMetaObject const QWidget::staticMetaObject" (__imp_?staticMetaObject@QWidget@@2UQMetaObject@@B) referenced in function "public: static struct QMetaObject const * __cdecl QMetaObject::staticMetaObject<&public: static struct QMetaObject const QWidget::staticMetaObject>(void)" (??$staticMetaObject@$1?staticMetaObject@QWidget@@2UQMetaObject@@B@QMetaObject@@SAPBU0@XZ)
moc_noise_marking_guiPlugin.obj : error LNK2019: unresolved external symbol "__declspec(dllimport) public: virtual void * __thiscall QObject::qt_metacast(char const *)" (__imp_?qt_metacast@QObject@@UAEPAXPBD@Z) referenced in function "public: virtual void * __thiscall noise_marking_guiPlugin::qt_metacast(char const *)" (?qt_metacast@noise_marking_guiPlugin@@UAEPAXPBD@Z)
moc_noise_marking_guiPlugin.obj : error LNK2019: unresolved external symbol "__declspec(dllimport) public: virtual int __thiscall QObject::qt_metacall(enum QMetaObject::Call,int,void * *)" (__imp_?qt_metacall@QObject@@UAEHW4Call@QMetaObject@@HPAPAX@Z) referenced in function "public: virtual int __thiscall noise_marking_guiPlugin::qt_metacall(enum QMetaObject::Call,int,void * *)" (?qt_metacall@noise_marking_guiPlugin@@UAEHW4Call@QMetaObject@@HPAPAX@Z)
moc_noise_marking_guiPlugin.obj : error LNK2019: unresolved external symbol "__declspec(dllimport) public: static struct QtSharedPointer::ExternalRefCountData * __cdecl QtSharedPointer::ExternalRefCountData::getAndRef(class QObject const *)" (__imp_?getAndRef@ExternalRefCountData@QtSharedPointer@@SAPAU12@PBVQObject@@@Z) referenced in function "private: __thiscall QWeakPointer<class QObject>::QWeakPointer<class QObject>(class QObject *,bool)" (??0?$QWeakPointer@VQObject@@@@AAE@PAVQObject@@_N@Z)
moc_noise_marking_guiPlugin.obj : error LNK2019: unresolved external symbol "__declspec(dllimport) public: static struct QMetaObject const QObject::staticMetaObject" (__imp_?staticMetaObject@QObject@@2UQMetaObject@@B) referenced in function "public: static struct QMetaObject const * __cdecl QMetaObject::staticMetaObject<&public: static struct QMetaObject const QObject::staticMetaObject>(void)" (??$staticMetaObject@$1?staticMetaObject@QObject@@2UQMetaObject@@B@QMetaObject@@SAPBU0@XZ)
C:\Qt\6.10.1\msvc2022_64\lib\Qt6Designerd.lib : warning LNK4272: library machine type 'x64' conflicts with target machine type 'x86'
C:\Qt\6.10.1\msvc2022_64\lib\Qt6OpenGLWidgetsd.lib : warning LNK4272: library machine type 'x64' conflicts with target machine type 'x86'
C:\Qt\6.10.1\msvc2022_64\lib\Qt6Widgetsd.lib : warning LNK4272: library machine type 'x64' conflicts with target machine type 'x86'
C:\Qt\6.10.1\msvc2022_64\lib\Qt6OpenGLd.lib : warning LNK4272: library machine type 'x64' conflicts with target machine type 'x86'
C:\Qt\6.10.1\msvc2022_64\lib\Qt6Guid.lib : warning LNK4272: library machine type 'x64' conflicts with target machine type 'x86'
C:\Qt\6.10.1\msvc2022_64\lib\Qt6Xmld.lib : warning LNK4272: library machine type 'x64' conflicts with target machine type 'x86'
C:\Qt\6.10.1\msvc2022_64\lib\Qt6Cored.lib : warning LNK4272: library machine type 'x64' conflicts with target machine type 'x86'
C:\Qt\6.10.1\msvc2022_64\lib\Qt6EntryPointd.lib : warning LNK4272: library machine type 'x64' conflicts with target machine type 'x86'
C:\Users\mirae\cpp_refactor\NOISE_MARKING\noise_marking_gui\Debug\noise_marking_gui.dll : fatal error LNK1120: 70 unresolved externals
