c:\users\mirae\cpp_refactor\noise_marking_gui\noise_ma.7588209c\x64\release\noisemanager.obj
c:\users\mirae\cpp_refactor\noise_marking_gui\noise_ma.7588209c\x64\release\noise_marking_gui.obj
c:\users\mirae\cpp_refactor\noise_marking_gui\noise_ma.7588209c\x64\release\noise_marking_guiplugin.obj
c:\users\mirae\cpp_refactor\noise_marking_gui\noise_ma.7588209c\x64\release\main.obj
c:\users\mirae\cpp_refactor\noise_marking_gui\noise_ma.7588209c\x64\release\vc145.pdb
c:\users\mirae\cpp_refactor\noise_marking_gui\noise_ma.7588209c\x64\release\moc_noise_marking_guiplugin.obj
c:\users\mirae\cpp_refactor\noise_marking_gui\noise_ma.7588209c\x64\release\moc_noise_marking_gui.obj
c:\users\mirae\cpp_refactor\noise_marking_gui\x64\release\noise_marking_gui.dll
c:\users\mirae\cpp_refactor\noise_marking_gui\noise_ma.7588209c\x64\release\qt\moc\moc_noise_marking_gui.cpp
c:\users\mirae\cpp_refactor\noise_marking_gui\noise_ma.7588209c\x64\release\qt\moc\moc_noise_marking_guiplugin.cpp
c:\users\mirae\cpp_refactor\noise_marking_gui\noise_ma.7588209c\x64\release\qt\uic\ui_noise_marking_gui.h
c:\users\mirae\cpp_refactor\noise_marking_gui\x64\release\noise_marking_gui.lib
c:\users\mirae\cpp_refactor\noise_marking_gui\x64\release\noise_marking_gui.exp
c:\users\mirae\cpp_refactor\noise_marking_gui\noise_ma.7588209c\x64\release\noise_marking_gui.ipdb
c:\users\mirae\cpp_refactor\noise_marking_gui\noise_ma.7588209c\x64\release\noise_marking_gui.iobj
c:\users\mirae\cpp_refactor\noise_marking_gui\noise_ma.7588209c\x64\release\noise_ma.7588209c.tlog\cl.command.1.tlog
c:\users\mirae\cpp_refactor\noise_marking_gui\noise_ma.7588209c\x64\release\noise_ma.7588209c.tlog\cl.items.tlog
c:\users\mirae\cpp_refactor\noise_marking_gui\noise_ma.7588209c\x64\release\noise_ma.7588209c.tlog\cl.read.1.tlog
c:\users\mirae\cpp_refactor\noise_marking_gui\noise_ma.7588209c\x64\release\noise_ma.7588209c.tlog\cl.write.1.tlog
c:\users\mirae\cpp_refactor\noise_marking_gui\noise_ma.7588209c\x64\release\noise_ma.7588209c.tlog\link.command.1.tlog
c:\users\mirae\cpp_refactor\noise_marking_gui\noise_ma.7588209c\x64\release\noise_ma.7588209c.tlog\link.read.1.tlog
c:\users\mirae\cpp_refactor\noise_marking_gui\noise_ma.7588209c\x64\release\noise_ma.7588209c.tlog\link.secondary.1.tlog
c:\users\mirae\cpp_refactor\noise_marking_gui\noise_ma.7588209c\x64\release\noise_ma.7588209c.tlog\link.write.1.tlog
c:\users\mirae\cpp_refactor\noise_marking_gui\noise_ma.7588209c\x64\release\noise_ma.7588209c.tlog\moc.read.1u.tlog
c:\users\mirae\cpp_refactor\noise_marking_gui\noise_ma.7588209c\x64\release\noise_ma.7588209c.tlog\moc.write.1u.tlog
c:\users\mirae\cpp_refactor\noise_marking_gui\noise_ma.7588209c\x64\release\noise_ma.7588209c.tlog\noise_marking_gui.write.1u.tlog
c:\users\mirae\cpp_refactor\noise_marking_gui\noise_ma.7588209c\x64\release\noise_ma.7588209c.tlog\uic.read.1u.tlog
c:\users\mirae\cpp_refactor\noise_marking_gui\noise_ma.7588209c\x64\release\noise_ma.7588209c.tlog\uic.write.1u.tlog
