  3_anneal_segments.cpp
D:\USERS\MiraWelner\QTVI-refactor\3_anneal_segments\3_anneal_segments.cpp(643,31): warning C4267: 'initializing': conversion from 'size_t' to 'uint32_t', possible loss of data
D:\USERS\MiraWelner\QTVI-refactor\3_anneal_segments\3_anneal_segments.cpp(653,31): warning C4267: 'initializing': conversion from 'size_t' to 'uint32_t', possible loss of data
D:\USERS\MiraWelner\QTVI-refactor\3_anneal_segments\3_anneal_segments.cpp(663,26): warning C4267: 'initializing': conversion from 'size_t' to 'uint32_t', possible loss of data
D:\USERS\MiraWelner\QTVI-refactor\3_anneal_segments\3_anneal_segments.cpp(668,27): warning C4267: 'initializing': conversion from 'size_t' to 'uint32_t', possible loss of data
D:\USERS\MiraWelner\QTVI-refactor\3_anneal_segments\3_anneal_segments.cpp(673,29): warning C4267: 'initializing': conversion from 'size_t' to 'uint32_t', possible loss of data
D:\USERS\MiraWelner\QTVI-refactor\3_anneal_segments\3_anneal_segments.cpp(681,25): warning C4267: 'initializing': conversion from 'size_t' to 'uint32_t', possible loss of data
C:\Program Files\Microsoft Visual Studio\18\Enterprise\VC\Tools\MSVC\14.50.35717\include\xutility(508,64): warning C4244: 'initializing': conversion from 'const double' to '_Ty', possible loss of data
C:\Program Files\Microsoft Visual Studio\18\Enterprise\VC\Tools\MSVC\14.50.35717\include\xutility(508,64): warning C4244:         with
C:\Program Files\Microsoft Visual Studio\18\Enterprise\VC\Tools\MSVC\14.50.35717\include\xutility(508,64): warning C4244:         [
C:\Program Files\Microsoft Visual Studio\18\Enterprise\VC\Tools\MSVC\14.50.35717\include\xutility(508,64): warning C4244:             _Ty=int
C:\Program Files\Microsoft Visual Studio\18\Enterprise\VC\Tools\MSVC\14.50.35717\include\xutility(508,64): warning C4244:         ]
  (compiling source file '3_anneal_segments.cpp')
      C:\Program Files\Microsoft Visual Studio\18\Enterprise\VC\Tools\MSVC\14.50.35717\include\xutility(508,64):
      the template instantiation context (the oldest one first) is
          D:\USERS\MiraWelner\QTVI-refactor\3_anneal_segments\3_anneal_segments.cpp(261,33):
          see reference to function template instantiation 'std::vector<int,std::allocator<int>>::vector<std::_Vector_const_iterator<std::_Vector_val<std::_Simple_types<_Ty>>>,0>(_Iter,_Iter,const _Alloc &)' being compiled
          with
          [
              _Ty=double,
              _Iter=std::_Vector_const_iterator<std::_Vector_val<std::_Simple_types<double>>>,
              _Alloc=std::allocator<int>
          ]
              D:\USERS\MiraWelner\QTVI-refactor\3_anneal_segments\3_anneal_segments.cpp(261,33):
              see the first reference to 'std::vector<int,std::allocator<int>>::vector' in 'AnnealSegments'
          C:\Program Files\Microsoft Visual Studio\18\Enterprise\VC\Tools\MSVC\14.50.35717\include\vector(700,13):
          see reference to function template instantiation 'void std::vector<int,std::allocator<int>>::_Construct_n<const double*,const double*>(const unsigned __int64,const double *&&,const double *&&)' being compiled
          C:\Program Files\Microsoft Visual Studio\18\Enterprise\VC\Tools\MSVC\14.50.35717\include\vector(2120,41):
          see reference to function template instantiation 'int *std::_Uninitialized_copy<_Ty,_Ty,std::allocator<int>>(_InIt,_Se,int *,_Alloc &)' being compiled
          with
          [
              _Ty=const double *,
              _InIt=const double *,
              _Se=const double *,
              _Alloc=std::allocator<int>
          ]
          C:\Program Files\Microsoft Visual Studio\18\Enterprise\VC\Tools\MSVC\14.50.35717\include\xmemory(1922,18):
          see reference to function template instantiation 'void std::_Uninitialized_backout_al<std::allocator<int>>::_Emplace_back<const double&>(const double &)' being compiled
          C:\Program Files\Microsoft Visual Studio\18\Enterprise\VC\Tools\MSVC\14.50.35717\include\xmemory(1864,35):
          see reference to function template instantiation 'void std::_Default_allocator_traits<_Alloc>::construct<_Ty,const double&>(_Alloc &,_Objty *const ,const double &)' being compiled
          with
          [
              _Alloc=std::allocator<int>,
              _Ty=int,
              _Objty=int
          ]
          C:\Program Files\Microsoft Visual Studio\18\Enterprise\VC\Tools\MSVC\14.50.35717\include\xmemory(734,14):
          see reference to function template instantiation '_Ty *std::construct_at<_Objty,const double&>(_Ty *const ,const double &) noexcept(<expr>)' being compiled
          with
          [
              _Ty=int,
              _Objty=int
          ]
  
C:\Program Files\Microsoft Visual Studio\18\Enterprise\VC\Tools\MSVC\14.50.35717\include\xutility(509,69): warning C4244: 'initializing': conversion from 'const double' to '_Objty', possible loss of data
C:\Program Files\Microsoft Visual Studio\18\Enterprise\VC\Tools\MSVC\14.50.35717\include\xutility(509,69): warning C4244:         with
C:\Program Files\Microsoft Visual Studio\18\Enterprise\VC\Tools\MSVC\14.50.35717\include\xutility(509,69): warning C4244:         [
C:\Program Files\Microsoft Visual Studio\18\Enterprise\VC\Tools\MSVC\14.50.35717\include\xutility(509,69): warning C4244:             _Objty=int
C:\Program Files\Microsoft Visual Studio\18\Enterprise\VC\Tools\MSVC\14.50.35717\include\xutility(509,69): warning C4244:         ]
  (compiling source file '3_anneal_segments.cpp')
      C:\Program Files\Microsoft Visual Studio\18\Enterprise\VC\Tools\MSVC\14.50.35717\include\xutility(509,69):
      the template instantiation context (the oldest one first) is
          C:\Program Files\Microsoft Visual Studio\18\Enterprise\VC\Tools\MSVC\14.50.35717\include\xmemory(1864,35):
          see reference to function template instantiation 'void std::_Default_allocator_traits<_Alloc>::construct<_Ty,const double&>(_Alloc &,_Objty *const ,const double &)' being compiled
          with
          [
              _Alloc=std::allocator<int>,
              _Ty=int,
              _Objty=int
          ]
          C:\Program Files\Microsoft Visual Studio\18\Enterprise\VC\Tools\MSVC\14.50.35717\include\xmemory(734,14):
          see reference to function template instantiation '_Ty *std::construct_at<_Objty,const double&>(_Ty *const ,const double &) noexcept' being compiled
          with
          [
              _Ty=int,
              _Objty=int
          ]
  
  anneal_segments.vcxproj -> D:\USERS\MiraWelner\QTVI-refactor\3_anneal_segments\x64\Debug\anneal_segments.exe
